<?xml version="1.0" encoding="UTF-8"?>
<testsuite xmlns:xsi="http://www.w3.org/2001/XMLSchema-instance" xsi:noNamespaceSchemaLocation="https://maven.apache.org/surefire/maven-surefire-plugin/xsd/surefire-test-report-3.0.xsd" version="3.0" name="TestSuite" time="5.143" tests="2" errors="0" skipped="0" failures="1">
  <properties>
[...]
</properties>
  <testcase name="validateGetRequest" classname="com.automation.GETdemo" time="2.648">
    <system-out><![CDATA[[
    {
        "id": "1",
        "name": "Google Pixel 6 Pro",
        "data": {
            "color": "Cloudy White",
            "capacity": "128 GB"
        }
    },
    {
        "id": "2",
        "name": "Apple iPhone 12 Mini, 256GB, Blue",
        "data": null
    },
    {
        "id": "3",
        "name": "Apple iPhone 12 Pro Max",
        "data": {
            "color": "Cloudy White",
            "capacity GB": 512
        }
    },
    {
        "id": "4",
        "name": "Apple iPhone 11, 64GB",
        "data": {
            "price": 389.99,
            "color": "Purple"
        }
    },
    {
        "id": "5",
        "name": "Samsung Galaxy Z Fold2",
        "data": {
            "price": 689.99,
            "color": "Brown"
        }
    },
    {
        "id": "6",
        "name": "Apple AirPods",
        "data": {
            "generation": "3rd",
            "price": 120
        }
    },
    {
        "id": "7",
        "name": "Apple MacBook Pro 16",
        "data": {
            "year": 2019,
            "price": 1849.99,
            "CPU model": "Intel Core i9",
            "Hard disk size": "1 TB"
        }
    },
    {
        "id": "8",
        "name": "Apple Watch Series 8",
        "data": {
            "Strap Colour": "Elderberry",
            "Case Size": "41mm"
        }
    },
    {
        "id": "9",
        "name": "Beats Studio3 Wireless",
        "data": {
            "Color": "Red",
            "Description": "High-performance wireless noise cancelling headphones"
        }
    },
    {
        "id": "10",
        "name": "Apple iPad Mini 5th Gen",
        "data": {
            "Capacity": "64 GB",
            "Screen size": 7.9
        }
    },
    {
        "id": "11",
        "name": "Apple iPad Mini 5th Gen",
        "data": {
            "Capacity": "254 GB",
            "Screen size": 7.9
        }
    },
    {
        "id": "12",
        "name": "Apple iPad Air",
        "data": {
            "Generation": "4th",
            "Price": "419.99",
            "Capacity": "64 GB"
        }
    },
    {
        "id": "13",
        "name": "Apple iPad Air",
        "data": {
            "Generation": "4th",
            "Price": "519.99",
            "Capacity": "256 GB"
        }
    }
]
]]></system-out>
    <system-err><![CDATA[SLF4J(W): No SLF4J providers were found.
SLF4J(W): Defaulting to no-operation (NOP) logger implementation
SLF4J(W): See https://www.slf4j.org/codes.html#noProviders for further details.
]]></system-err>
  </testcase>
  <testcase name="testGetUser" classname="com.automation.TestGETPerson" time="0.901">
    <failure message="expected [200] but found [404]" type="java.lang.AssertionError"><![CDATA[java.lang.AssertionError: expected [200] but found [404]
	at org.testng.Assert.fail(Assert.java:111)
	at org.testng.Assert.failNotEquals(Assert.java:1590)
	at org.testng.Assert.assertEqualsImpl(Assert.java:150)
	at org.testng.Assert.assertEquals(Assert.java:132)
	at org.testng.Assert.assertEquals(Assert.java:1431)
	at org.testng.Assert.assertEquals(Assert.java:1395)
	at org.testng.Assert.assertEquals(Assert.java:1441)
	at com.automation.TestGETPerson.testGetUser(TestGETPerson.java:26)
	at java.base/jdk.internal.reflect.NativeMethodAccessorImpl.invoke0(Native Method)
	at java.base/jdk.internal.reflect.NativeMethodAccessorImpl.invoke(NativeMethodAccessorImpl.java:62)
	at java.base/jdk.internal.reflect.DelegatingMethodAccessorImpl.invoke(DelegatingMethodAccessorImpl.java:43)
	at java.base/java.lang.reflect.Method.invoke(Method.java:566)
	at org.testng.internal.invokers.MethodInvocationHelper.invokeMethod(MethodInvocationHelper.java:141)
	at org.testng.internal.invokers.TestInvoker.invokeMethod(TestInvoker.java:687)
	at org.testng.internal.invokers.TestInvoker.invokeTestMethod(TestInvoker.java:230)
	at org.testng.internal.invokers.MethodRunner.runInSequence(MethodRunner.java:63)
	at org.testng.internal.invokers.TestInvoker$MethodInvocationAgent.invoke(TestInvoker.java:995)
	at org.testng.internal.invokers.TestInvoker.invokeTestMethods(TestInvoker.java:203)
	at org.testng.internal.invokers.TestMethodWorker.invokeTestMethods(TestMethodWorker.java:154)
	at org.testng.internal.invokers.TestMethodWorker.run(TestMethodWorker.java:134)
	at java.base/java.util.ArrayList.forEach(ArrayList.java:1541)
	at org.testng.TestRunner.privateRun(TestRunner.java:741)
	at org.testng.TestRunner.run(TestRunner.java:616)
	at org.testng.SuiteRunner.runTest(SuiteRunner.java:421)
	at org.testng.SuiteRunner.runSequentially(SuiteRunner.java:413)
	at org.testng.SuiteRunner.privateRun(SuiteRunner.java:373)
	at org.testng.SuiteRunner.run(SuiteRunner.java:312)
	at org.testng.SuiteRunnerWorker.runSuite(SuiteRunnerWorker.java:52)
	at org.testng.SuiteRunnerWorker.run(SuiteRunnerWorker.java:95)
	at org.testng.TestNG.runSuitesSequentially(TestNG.java:1274)
	at org.testng.TestNG.runSuitesLocally(TestNG.java:1208)
	at org.testng.TestNG.runSuites(TestNG.java:1112)
	at org.testng.TestNG.run(TestNG.java:1079)
	at org.apache.maven.surefire.testng.TestNGExecutor.run(TestNGExecutor.java:308)
	at org.apache.maven.surefire.testng.TestNGXmlTestSuite.execute(TestNGXmlTestSuite.java:71)
	at org.apache.maven.surefire.testng.TestNGProvider.invoke(TestNGProvider.java:113)
	at org.apache.maven.surefire.booter.ForkedBooter.runSuitesInProcess(ForkedBooter.java:385)
	at org.apache.maven.surefire.booter.ForkedBooter.execute(ForkedBooter.java:162)
	at org.apache.maven.surefire.booter.ForkedBooter.run(ForkedBooter.java:507)
	at org.apache.maven.surefire.booter.ForkedBooter.main(ForkedBooter.java:495)
]]></failure>
  </testcase>
</testsuite>