<?xml version="1.0" encoding="UTF-8"?>
<!-- Generated by org.testng.reporters.JUnitXMLReporter -->
<testsuite ignored="0" hostname="LAPTOP-8A25TH8Q" failures="1" tests="2" name="AutomationTests" time="3.666" errors="0" timestamp="2025-06-15T12:55:55 IST">
  <testcase classname="com.automation.GETdemo" name="validateGetRequest" time="2.645"/>
  <testcase classname="com.automation.TestGETPerson" name="testGetUser" time="0.904">
    <failure type="java.lang.AssertionError" message="expected [200] but found [404]">
      <![CDATA[java.lang.AssertionError: expected [200] but found [404]
at com.automation.TestGETPerson.testGetUser(TestGETPerson.java:26)
at java.base/java.util.ArrayList.forEach(ArrayList.java:1541)
... Removed 38 stack frames]]>
    </failure>
  </testcase> <!-- testGetUser -->
</testsuite> <!-- AutomationTests -->
